<?xml version="1.0" encoding="UTF-8"?>
<testng-results ignored="0" total="1" passed="1" failed="0" skipped="0">
  <reporter-output>
  </reporter-output>
  <suite started-at="2023-07-05T15:35:06 IST" name="Default suite" finished-at="2023-07-05T15:35:37 IST" duration-ms="31960">
    <groups>
    </groups>
    <test started-at="2023-07-05T15:35:06 IST" name="Default test" finished-at="2023-07-05T15:35:37 IST" duration-ms="31960">
      <class name="test.Souledstoretest1">
        <test-method is-config="true" signature="setUp()[pri:0, instance:test.Souledstoretest1@5a45133e]" started-at="2023-07-05T15:35:06 IST" name="setUp" finished-at="2023-07-05T15:35:21 IST" duration-ms="15655" status="PASS">
          <reporter-output>
          </reporter-output>
        </test-method> <!-- setUp -->
        <test-method signature="thesouledstoretest()[pri:0, instance:test.Souledstoretest1@5a45133e]" started-at="2023-07-05T15:35:21 IST" name="thesouledstoretest" finished-at="2023-07-05T15:35:37 IST" duration-ms="16209" status="PASS">
          <reporter-output>
          </reporter-output>
        </test-method> <!-- thesouledstoretest -->
      </class> <!-- test.Souledstoretest1 -->
    </test> <!-- Default test -->
  </suite> <!-- Default suite -->
</testng-results>
